<?xml version="1.0" encoding="UTF-8"?>
<!-- Generated by org.testng.reporters.JUnitReportReporter -->
<testsuite hostname="KairosHW0452" failures="0" tests="2" name="com.TestCases.ImageSearch_TC_003" time="16.779" errors="0" timestamp="2023-06-16T11:23:56 IST" skipped="0">
  <testcase classname="com.TestCases.ImageSearch_TC_003" name="ValidateGoogleImagePage" time="0.117"/>
  <system-out/>
  <testcase classname="com.TestCases.ImageSearch_TC_003" name="imageSearch" time="16.662"/>
  <system-out/>
</testsuite> <!-- com.TestCases.ImageSearch_TC_003 -->
