<?xml version="1.0" encoding="UTF-8"?>
<!-- Generated by org.testng.reporters.JUnitReportReporter -->
<testsuite hostname="KairosHW0452" failures="0" tests="1" name="com.TestCases.SearchFunctionality_TC_001" time="4.077" errors="0" timestamp="2023-06-16T11:23:56 IST" skipped="0">
  <testcase classname="com.TestCases.SearchFunctionality_TC_001" name="SearchFunctionality" time="4.077"/>
  <system-out/>
</testsuite> <!-- com.TestCases.SearchFunctionality_TC_001 -->
